ItemDetails.jsx?t=1760046784889:171 Importing thumbnail to: thumbnails/images/illustration/Super Bee_thumb.jpg
ItemDetails.jsx?t=1760046784889:178 Thumbnail saved to: thumbnails/images/illustration/Super Bee_thumb.jpg
ItemDetails.jsx?t=1760046784889:171 Importing thumbnail to: thumbnails/images/tattoo/cats1_thumb.jpg
ItemDetails.jsx?t=1760046784889:178 Thumbnail saved to: thumbnails/images/tattoo/cats1_thumb.jpg
ItemDetails.jsx?t=1760046784889:171 Importing thumbnail to: thumbnails/images/character-design/dirt_thumb.jpg
ItemDetails.jsx?t=1760046784889:178 Thumbnail saved to: thumbnails/images/character-design/dirt_thumb.jpg
ItemDetails.jsx?t=1760046784889:171 Importing thumbnail to: thumbnails/images/game-art/In Game Menu UI_thumb.jpg
ItemDetails.jsx?t=1760046784889:178 Thumbnail saved to: thumbnails/images/game-art/In Game Menu UI_thumb.jpg
ItemDetails.jsx?t=1760046784889:171 Importing thumbnail to: thumbnails/images/game-art/Character Select UI_thumb.jpg
ItemDetails.jsx?t=1760046784889:178 Thumbnail saved to: thumbnails/images/game-art/Character Select UI_thumb.jpg
ItemDetails.jsx?t=1760046784889:171 Importing thumbnail to: thumbnails/images/game-art/faces1_thumb.png
ItemDetails.jsx?t=1760046784889:178 Thumbnail saved to: thumbnails/images/game-art/faces4.png
ItemDetails.jsx?t=1760046784889:171 Importing thumbnail to: thumbnails/images/game-art/startScreenNewEyes_thumb.jpg
ItemDetails.jsx?t=1760046784889:178 Thumbnail saved to: thumbnails/images/game-art/startScreenNewEyes_thumb.jpg
ItemDetails.jsx?t=1760046784889:171 Importing thumbnail to: thumbnails/images/tattoo/cat1_thumb.jpg
ItemDetails.jsx?t=1760046784889:178 Thumbnail saved to: thumbnails/images/tattoo/cat1_thumb.jpg
ItemDetails.jsx?t=1760046784889:51 Video URL loaded: safe-file:/Users/dirtpickle/Desktop/CMS%20App%202/website_test_2/3d/Arizona%20Stronghold%20Dayden%20Ad.mp4
ItemDetails.jsx?t=1760046784889:930 Video loading started
ItemDetails.jsx?t=1760046784889:931 Video can play
ItemDetails.jsx?t=1760046784889:171 Importing thumbnail to: thumbnails/3d/Arizona Stronghold Dayden Ad_thumb.jpg
ItemDetails.jsx?t=1760046784889:178 Thumbnail saved to: thumbnails/3d/Arizona Stronghold Dayden Ad_thumb.jpg
ItemDetails.jsx?t=1760046784889:51 Video URL loaded: safe-file:/Users/dirtpickle/Desktop/CMS%20App%202/website_test_2/3d/Arizona%20Stronghold%20Nachise%20Ad.mp4
ItemDetails.jsx?t=1760046784889:930 Video loading started
ItemDetails.jsx?t=1760046784889:931 Video can play
ItemDetails.jsx?t=1760046784889:171 Importing thumbnail to: thumbnails/3d/Arizona Stronghold Nachise Ad_thumb.jpg
ItemDetails.jsx?t=1760046784889:178 Thumbnail saved to: thumbnails/3d/Arizona Stronghold Nachise Ad_thumb.jpg
ItemDetails.jsx?t=1760046784889:51 Video URL loaded: safe-file:/Users/dirtpickle/Desktop/CMS%20App%202/website_test_2/3d/Blender%20Sculpt%20Behelit.mp4
ItemDetails.jsx?t=1760046784889:930 Video loading started
ItemDetails.jsx?t=1760046784889:931 Video can play
ItemDetails.jsx?t=1760046784889:171 Importing thumbnail to: thumbnails/3d/Blender Sculpt Behelit_thumb.png
ItemDetails.jsx?t=1760046784889:178 Thumbnail saved to: thumbnails/3d/Blender Sculpt Behelit.png
ItemDetails.jsx?t=1760046784889:171 Importing thumbnail to: thumbnails/images/tattoo/DPO 1_thumb.jpg
ItemDetails.jsx?t=1760046784889:178 Thumbnail saved to: thumbnails/images/tattoo/DPO 1_thumb.jpg
ItemDetails.jsx?t=1760046784889:171 Importing thumbnail to: thumbnails/images/tattoo/DPO 2 _thumb.jpg
ItemDetails.jsx?t=1760046784889:178 Thumbnail saved to: thumbnails/images/tattoo/DPO 2 _thumb.jpg
ItemDetails.jsx?t=1760046784889:171 Importing thumbnail to: thumbnails/images/tattoo/Googly Eyes_thumb.jpg
ItemDetails.jsx?t=1760046784889:178 Thumbnail saved to: thumbnails/images/tattoo/Googly Eyes.jpg
ItemDetails.jsx?t=1760046784889:171 Importing thumbnail to: thumbnails/images/illustration/Arizona Volleyball Addicts Logo_thumb.jpg
ItemDetails.jsx?t=1760046784889:178 Thumbnail saved to: thumbnails/images/illustration/Arizona Volleyball Addicts Logo_thumb.jpg
ItemDetails.jsx?t=1760046784889:171 Importing thumbnail to: thumbnails/images/illustration/Attack of the Pigmen Promo Art_thumb.png
ItemDetails.jsx?t=1760046784889:178 Thumbnail saved to: thumbnails/images/illustration/Attack of the Pigmen Promo Art.png
ItemDetails.jsx?t=1760046784889:171 Importing thumbnail to: thumbnails/images/illustration/Donut on a Unicorn_thumb.png
ItemDetails.jsx?t=1760046784889:178 Thumbnail saved to: thumbnails/images/illustration/Donut on a Unicorn_thumb.png
ItemDetails.jsx?t=1760046784889:51 Video URL loaded: safe-file:/Users/dirtpickle/Desktop/CMS%20App%202/website_test_2/video/Attack%20of%20the%20Pigmen%20Ad.mp4
ItemDetails.jsx?t=1760046784889:930 Video loading started
ItemDetails.jsx?t=1760046784889:931 Video can play
ItemDetails.jsx?t=1760046784889:171 Importing thumbnail to: thumbnails/video/Attack of the Pigmen Ad_thumb.jpg
ItemDetails.jsx?t=1760046784889:178 Thumbnail saved to: thumbnails/video/Attack of the Pigmen Ad_thumb.jpg
ItemDetails.jsx?t=1760046784889:51 Video URL loaded: safe-file:/Users/dirtpickle/Desktop/CMS%20App%202/website_test_2/video/Attack%20of%20the%20Pigmen%20Promo.mp4
ItemDetails.jsx?t=1760046784889:51 Video URL loaded: safe-file:/Users/dirtpickle/Desktop/CMS%20App%202/website_test_2/video/Attack%20of%20the%20Pigmen%20Promo.mp4
ItemDetails.jsx?t=1760046784889:930 Video loading started
ItemDetails.jsx?t=1760046784889:931 Video can play
ItemDetails.jsx?t=1760046784889:171 Importing thumbnail to: thumbnails/video/Attack of the Pigmen Promo_thumb.jpg
ItemDetails.jsx?t=1760046784889:178 Thumbnail saved to: thumbnails/video/Attack of the Pigmen Promo_thumb.jpg
ItemDetails.jsx?t=1760046784889:51 Video URL loaded: safe-file:/Users/dirtpickle/Desktop/CMS%20App%202/website_test_2/video/Attack%20of%20the%20Pigmen%20Trailer.mp4
ItemDetails.jsx?t=1760046784889:930 Video loading started
ItemDetails.jsx?t=1760046784889:931 Video can play
ItemDetails.jsx?t=1760046784889:171 Importing thumbnail to: thumbnails/video/Attack of the Pigmen Trailer_thumb.jpg
ItemDetails.jsx?t=1760046784889:178 Thumbnail saved to: thumbnails/video/Attack of the Pigmen Trailer_thumb.jpg
ItemDetails.jsx?t=1760046784889:51 Video URL loaded: safe-file:/Users/dirtpickle/Desktop/CMS%20App%202/website_test_2/video/Floof%20Troop%20Motion%20Graphic.mp4
ItemDetails.jsx?t=1760046784889:930 Video loading started
ItemDetails.jsx?t=1760046784889:931 Video can play
ItemDetails.jsx?t=1760046784889:171 Importing thumbnail to: thumbnails/video/Floof Troop Motion Graphic_thumb.png
ItemDetails.jsx?t=1760046784889:178 Thumbnail saved to: thumbnails/video/Floof Troop Motion Graphic.png
ItemDetails.jsx?t=1760046784889:171 Importing thumbnail to: thumbnails/images/character-design/Eyeball_thumb.png
ItemDetails.jsx?t=1760046784889:178 Thumbnail saved to: thumbnails/images/character-design/Eyeball_thumb.png
App.jsx?t=1760046822792:537 Generate output: 🚀 CMS Database Gallery Generator

✅ Loaded 34 items from database

📊 Database Summary:
   • Total items: 34
   • Categories: character-design, game-art, illustration, tattoo, 3d, video, audio
   • Tags available: 21
   • Work types: Professional, Client Work, Personal Project, Commission, Work in Progress

✅ Updated index.html with 32 items (JSON database)
✅ Updated art.html with 5 items (JSON database)
✅ Updated art.html with 7 items (JSON database)
✅ Updated art.html with 4 items (JSON database)
✅ Updated art.html with 6 items (JSON database)
✅ Updated 3d.html with 3 items (JSON database)
✅ Updated video.html with 4 items (JSON database)
✅ Fixed audio data corruption (robust method) in audio.html with 1 items
✅ Loaded 34 items from database
✅ game-development.html updated with 1 game(s)
📄 Generated sitemap.xml for SEO
🤖 Generated robots.txt for search engines

✅ All pages updated successfully from JSON database!

📋 How it works:
• Content is managed through the Content Manager desktop app
• Tags, categories, and metadata are stored in content-database.json
• This script reads the database and updates your HTML files
• Run this script after making changes in the Content Manager

App.jsx:632 Generate output: 🚀 CMS Database Gallery Generator

✅ Loaded 34 items from database

📊 Database Summary:
   • Total items: 34
   • Categories: character-design, game-art, illustration, tattoo, 3d, video, audio
   • Tags available: 21
   • Work types: Professional, Client Work, Personal Project, Commission, Work in Progress

✅ Updated index.html with 31 items (JSON database)
✅ Updated art.html with 5 items (JSON database)
✅ Updated art.html with 7 items (JSON database)
✅ Updated art.html with 4 items (JSON database)
✅ Updated art.html with 6 items (JSON database)
✅ Updated 3d.html with 3 items (JSON database)
✅ Updated video.html with 4 items (JSON database)
✅ Fixed audio data corruption (robust method) in audio.html with 0 items
✅ Loaded 34 items from database
✅ game-development.html updated with 1 game(s)
📄 Generated sitemap.xml for SEO
🤖 Generated robots.txt for search engines

✅ All pages updated successfully from JSON database!

📋 How it works:
• Content is managed through the Content Manager desktop app
• Tags, categories, and metadata are stored in content-database.json
• This script reads the database and updates your HTML files
• Run this script after making changes in the Content Manager

chunk-373CG7ZK.js?v=f5cf3204:16668 Uncaught ReferenceError: setVideoUrl is not defined
    at ItemDetails.jsx?t=1760049084097:58:7
    at commitHookEffectListMount (chunk-373CG7ZK.js?v=f5cf3204:16913:34)
    at commitPassiveMountOnFiber (chunk-373CG7ZK.js?v=f5cf3204:18154:19)
    at commitPassiveMountEffects_complete (chunk-373CG7ZK.js?v=f5cf3204:18127:17)
    at commitPassiveMountEffects_begin (chunk-373CG7ZK.js?v=f5cf3204:18117:15)
    at commitPassiveMountEffects (chunk-373CG7ZK.js?v=f5cf3204:18107:11)
    at flushPassiveEffectsImpl (chunk-373CG7ZK.js?v=f5cf3204:19488:11)
    at flushPassiveEffects (chunk-373CG7ZK.js?v=f5cf3204:19445:22)
    at commitRootImpl (chunk-373CG7ZK.js?v=f5cf3204:19414:13)
    at commitRoot (chunk-373CG7ZK.js?v=f5cf3204:19275:13)
(anonymous) @ ItemDetails.jsx?t=1760049084097:58
commitHookEffectListMount @ chunk-373CG7ZK.js?v=f5cf3204:16913
commitPassiveMountOnFiber @ chunk-373CG7ZK.js?v=f5cf3204:18154
commitPassiveMountEffects_complete @ chunk-373CG7ZK.js?v=f5cf3204:18127
commitPassiveMountEffects_begin @ chunk-373CG7ZK.js?v=f5cf3204:18117
commitPassiveMountEffects @ chunk-373CG7ZK.js?v=f5cf3204:18107
flushPassiveEffectsImpl @ chunk-373CG7ZK.js?v=f5cf3204:19488
flushPassiveEffects @ chunk-373CG7ZK.js?v=f5cf3204:19445
commitRootImpl @ chunk-373CG7ZK.js?v=f5cf3204:19414
commitRoot @ chunk-373CG7ZK.js?v=f5cf3204:19275
performSyncWorkOnRoot @ chunk-373CG7ZK.js?v=f5cf3204:18893
flushSyncCallbacks @ chunk-373CG7ZK.js?v=f5cf3204:9117
flushSync @ chunk-373CG7ZK.js?v=f5cf3204:18957
scheduleRefresh @ chunk-373CG7ZK.js?v=f5cf3204:20002
(anonymous) @ @react-refresh:228
performReactRefresh @ @react-refresh:217
(anonymous) @ @react-refresh:608
setTimeout (async)
(anonymous) @ @react-refresh:598
validateRefreshBoundaryAndEnqueueUpdate @ @react-refresh:648
(anonymous) @ ItemDetails.jsx?t=1760049028955:1482
(anonymous) @ client:34
(anonymous) @ client:218
(anonymous) @ client:193
queueUpdate @ client:193
await in queueUpdate (async)
(anonymous) @ client:642
handleMessage @ client:640
(anonymous) @ client:550
Show 13 more frames
Show less
chunk-373CG7ZK.js?v=f5cf3204:16668 Uncaught ReferenceError: setVideoUrl is not defined
    at ItemDetails.jsx?t=1760049084097:58:7
    at commitHookEffectListMount (chunk-373CG7ZK.js?v=f5cf3204:16913:34)
    at invokePassiveEffectMountInDEV (chunk-373CG7ZK.js?v=f5cf3204:18322:19)
    at invokeEffectsInDev (chunk-373CG7ZK.js?v=f5cf3204:19699:19)
    at commitDoubleInvokeEffectsInDEV (chunk-373CG7ZK.js?v=f5cf3204:19684:15)
    at flushPassiveEffectsImpl (chunk-373CG7ZK.js?v=f5cf3204:19501:13)
    at flushPassiveEffects (chunk-373CG7ZK.js?v=f5cf3204:19445:22)
    at commitRootImpl (chunk-373CG7ZK.js?v=f5cf3204:19414:13)
    at commitRoot (chunk-373CG7ZK.js?v=f5cf3204:19275:13)
    at performSyncWorkOnRoot (chunk-373CG7ZK.js?v=f5cf3204:18893:11)
(anonymous) @ ItemDetails.jsx?t=1760049084097:58
commitHookEffectListMount @ chunk-373CG7ZK.js?v=f5cf3204:16913
invokePassiveEffectMountInDEV @ chunk-373CG7ZK.js?v=f5cf3204:18322
invokeEffectsInDev @ chunk-373CG7ZK.js?v=f5cf3204:19699
commitDoubleInvokeEffectsInDEV @ chunk-373CG7ZK.js?v=f5cf3204:19684
flushPassiveEffectsImpl @ chunk-373CG7ZK.js?v=f5cf3204:19501
flushPassiveEffects @ chunk-373CG7ZK.js?v=f5cf3204:19445
commitRootImpl @ chunk-373CG7ZK.js?v=f5cf3204:19414
commitRoot @ chunk-373CG7ZK.js?v=f5cf3204:19275
performSyncWorkOnRoot @ chunk-373CG7ZK.js?v=f5cf3204:18893
flushSyncCallbacks @ chunk-373CG7ZK.js?v=f5cf3204:9117
flushSync @ chunk-373CG7ZK.js?v=f5cf3204:18957
scheduleRefresh @ chunk-373CG7ZK.js?v=f5cf3204:20002
(anonymous) @ @react-refresh:228
performReactRefresh @ @react-refresh:217
(anonymous) @ @react-refresh:608
setTimeout (async)
(anonymous) @ @react-refresh:598
validateRefreshBoundaryAndEnqueueUpdate @ @react-refresh:648
(anonymous) @ ItemDetails.jsx?t=1760049028955:1482
(anonymous) @ client:34
(anonymous) @ client:218
(anonymous) @ client:193
queueUpdate @ client:193
await in queueUpdate (async)
(anonymous) @ client:642
handleMessage @ client:640
(anonymous) @ client:550
Show 12 more frames
Show less
@react-refresh:228 The above error occurred in the <ItemDetails> component:

    at ItemDetails (http://localhost:5173/src/components/ItemDetails.jsx?t=1760049084097:21:3)
    at div
    at div
    at App (http://localhost:5173/src/App.jsx?t=1760048771785:24:41)

Consider adding an error boundary to your tree to customize error handling behavior.
Visit https://reactjs.org/link/error-boundaries to learn more about error boundaries.
logCapturedError @ chunk-373CG7ZK.js?v=f5cf3204:14030
update.callback @ chunk-373CG7ZK.js?v=f5cf3204:14050
callCallback @ chunk-373CG7ZK.js?v=f5cf3204:11246
commitUpdateQueue @ chunk-373CG7ZK.js?v=f5cf3204:11263
commitLayoutEffectOnFiber @ chunk-373CG7ZK.js?v=f5cf3204:17091
commitLayoutMountEffects_complete @ chunk-373CG7ZK.js?v=f5cf3204:17978
commitLayoutEffects_begin @ chunk-373CG7ZK.js?v=f5cf3204:17967
commitLayoutEffects @ chunk-373CG7ZK.js?v=f5cf3204:17918
commitRootImpl @ chunk-373CG7ZK.js?v=f5cf3204:19351
commitRoot @ chunk-373CG7ZK.js?v=f5cf3204:19275
performSyncWorkOnRoot @ chunk-373CG7ZK.js?v=f5cf3204:18893
flushSyncCallbacks @ chunk-373CG7ZK.js?v=f5cf3204:9117
flushSync @ chunk-373CG7ZK.js?v=f5cf3204:18957
scheduleRefresh @ chunk-373CG7ZK.js?v=f5cf3204:20002
(anonymous) @ @react-refresh:228
performReactRefresh @ @react-refresh:217
(anonymous) @ @react-refresh:608
setTimeout (async)
(anonymous) @ @react-refresh:598
validateRefreshBoundaryAndEnqueueUpdate @ @react-refresh:648
(anonymous) @ ItemDetails.jsx?t=1760049028955:1482
(anonymous) @ client:34
(anonymous) @ client:218
(anonymous) @ client:193
queueUpdate @ client:193
await in queueUpdate (async)
(anonymous) @ client:642
handleMessage @ client:640
(anonymous) @ client:550
Show 14 more frames
Show less
@react-refresh:228 The above error occurred in the <ItemDetails> component:

    at ItemDetails (http://localhost:5173/src/components/ItemDetails.jsx?t=1760049084097:21:3)
    at div
    at div
    at App (http://localhost:5173/src/App.jsx?t=1760048771785:24:41)

Consider adding an error boundary to your tree to customize error handling behavior.
Visit https://reactjs.org/link/error-boundaries to learn more about error boundaries.
logCapturedError @ chunk-373CG7ZK.js?v=f5cf3204:14030
update.callback @ chunk-373CG7ZK.js?v=f5cf3204:14050
callCallback @ chunk-373CG7ZK.js?v=f5cf3204:11246
commitUpdateQueue @ chunk-373CG7ZK.js?v=f5cf3204:11263
commitLayoutEffectOnFiber @ chunk-373CG7ZK.js?v=f5cf3204:17091
commitLayoutMountEffects_complete @ chunk-373CG7ZK.js?v=f5cf3204:17978
commitLayoutEffects_begin @ chunk-373CG7ZK.js?v=f5cf3204:17967
commitLayoutEffects @ chunk-373CG7ZK.js?v=f5cf3204:17918
commitRootImpl @ chunk-373CG7ZK.js?v=f5cf3204:19351
commitRoot @ chunk-373CG7ZK.js?v=f5cf3204:19275
performSyncWorkOnRoot @ chunk-373CG7ZK.js?v=f5cf3204:18893
flushSyncCallbacks @ chunk-373CG7ZK.js?v=f5cf3204:9117
flushSync @ chunk-373CG7ZK.js?v=f5cf3204:18957
scheduleRefresh @ chunk-373CG7ZK.js?v=f5cf3204:20002
(anonymous) @ @react-refresh:228
performReactRefresh @ @react-refresh:217
(anonymous) @ @react-refresh:608
setTimeout (async)
(anonymous) @ @react-refresh:598
validateRefreshBoundaryAndEnqueueUpdate @ @react-refresh:648
(anonymous) @ ItemDetails.jsx?t=1760049028955:1482
(anonymous) @ client:34
(anonymous) @ client:218
(anonymous) @ client:193
queueUpdate @ client:193
await in queueUpdate (async)
(anonymous) @ client:642
handleMessage @ client:640
(anonymous) @ client:550
Show 14 more frames
Show less
@react-refresh:609 Uncaught (in promise) ReferenceError: setVideoUrl is not defined
    at ItemDetails.jsx?t=1760049084097:58:7
    at commitHookEffectListMount (chunk-373CG7ZK.js?v=f5cf3204:16913:34)
    at commitPassiveMountOnFiber (chunk-373CG7ZK.js?v=f5cf3204:18154:19)
    at commitPassiveMountEffects_complete (chunk-373CG7ZK.js?v=f5cf3204:18127:17)
    at commitPassiveMountEffects_begin (chunk-373CG7ZK.js?v=f5cf3204:18117:15)
    at commitPassiveMountEffects (chunk-373CG7ZK.js?v=f5cf3204:18107:11)
    at flushPassiveEffectsImpl (chunk-373CG7ZK.js?v=f5cf3204:19488:11)
    at flushPassiveEffects (chunk-373CG7ZK.js?v=f5cf3204:19445:22)
    at commitRootImpl (chunk-373CG7ZK.js?v=f5cf3204:19414:13)
    at commitRoot (chunk-373CG7ZK.js?v=f5cf3204:19275:13)
(anonymous) @ ItemDetails.jsx?t=1760049084097:58
commitHookEffectListMount @ chunk-373CG7ZK.js?v=f5cf3204:16913
commitPassiveMountOnFiber @ chunk-373CG7ZK.js?v=f5cf3204:18154
commitPassiveMountEffects_complete @ chunk-373CG7ZK.js?v=f5cf3204:18127
commitPassiveMountEffects_begin @ chunk-373CG7ZK.js?v=f5cf3204:18117
commitPassiveMountEffects @ chunk-373CG7ZK.js?v=f5cf3204:18107
flushPassiveEffectsImpl @ chunk-373CG7ZK.js?v=f5cf3204:19488
flushPassiveEffects @ chunk-373CG7ZK.js?v=f5cf3204:19445
commitRootImpl @ chunk-373CG7ZK.js?v=f5cf3204:19414
commitRoot @ chunk-373CG7ZK.js?v=f5cf3204:19275
performSyncWorkOnRoot @ chunk-373CG7ZK.js?v=f5cf3204:18893
flushSyncCallbacks @ chunk-373CG7ZK.js?v=f5cf3204:9117
flushSync @ chunk-373CG7ZK.js?v=f5cf3204:18957
scheduleRefresh @ chunk-373CG7ZK.js?v=f5cf3204:20002
(anonymous) @ @react-refresh:228
performReactRefresh @ @react-refresh:217
(anonymous) @ @react-refresh:608
setTimeout (async)
(anonymous) @ @react-refresh:598
validateRefreshBoundaryAndEnqueueUpdate @ @react-refresh:648
(anonymous) @ ItemDetails.jsx?t=1760049028955:1482
(anonymous) @ client:34
(anonymous) @ client:218
(anonymous) @ client:193
queueUpdate @ client:193
await in queueUpdate (async)
(anonymous) @ client:642
handleMessage @ client:640
(anonymous) @ client:550
Show 13 more frames
Show less
chunk-373CG7ZK.js?v=f5cf3204:16668 Uncaught ReferenceError: setVideoUrl is not defined
    at ItemDetails.jsx:45:7
    at commitHookEffectListMount (chunk-373CG7ZK.js?v=f5cf3204:16913:34)
    at commitPassiveMountOnFiber (chunk-373CG7ZK.js?v=f5cf3204:18154:19)
    at commitPassiveMountEffects_complete (chunk-373CG7ZK.js?v=f5cf3204:18127:17)
    at commitPassiveMountEffects_begin (chunk-373CG7ZK.js?v=f5cf3204:18117:15)
    at commitPassiveMountEffects (chunk-373CG7ZK.js?v=f5cf3204:18107:11)
    at flushPassiveEffectsImpl (chunk-373CG7ZK.js?v=f5cf3204:19488:11)
    at flushPassiveEffects (chunk-373CG7ZK.js?v=f5cf3204:19445:22)
    at commitRootImpl (chunk-373CG7ZK.js?v=f5cf3204:19414:13)
    at commitRoot (chunk-373CG7ZK.js?v=f5cf3204:19275:13)
(anonymous) @ ItemDetails.jsx:45
commitHookEffectListMount @ chunk-373CG7ZK.js?v=f5cf3204:16913
commitPassiveMountOnFiber @ chunk-373CG7ZK.js?v=f5cf3204:18154
commitPassiveMountEffects_complete @ chunk-373CG7ZK.js?v=f5cf3204:18127
commitPassiveMountEffects_begin @ chunk-373CG7ZK.js?v=f5cf3204:18117
commitPassiveMountEffects @ chunk-373CG7ZK.js?v=f5cf3204:18107
flushPassiveEffectsImpl @ chunk-373CG7ZK.js?v=f5cf3204:19488
flushPassiveEffects @ chunk-373CG7ZK.js?v=f5cf3204:19445
commitRootImpl @ chunk-373CG7ZK.js?v=f5cf3204:19414
commitRoot @ chunk-373CG7ZK.js?v=f5cf3204:19275
performSyncWorkOnRoot @ chunk-373CG7ZK.js?v=f5cf3204:18893
flushSyncCallbacks @ chunk-373CG7ZK.js?v=f5cf3204:9117
(anonymous) @ chunk-373CG7ZK.js?v=f5cf3204:18625
Show 12 more frames
Show less
chunk-373CG7ZK.js?v=f5cf3204:16668 Uncaught ReferenceError: setVideoUrl is not defined
    at ItemDetails.jsx:45:7
    at commitHookEffectListMount (chunk-373CG7ZK.js?v=f5cf3204:16913:34)
    at invokePassiveEffectMountInDEV (chunk-373CG7ZK.js?v=f5cf3204:18322:19)
    at invokeEffectsInDev (chunk-373CG7ZK.js?v=f5cf3204:19699:19)
    at commitDoubleInvokeEffectsInDEV (chunk-373CG7ZK.js?v=f5cf3204:19684:15)
    at flushPassiveEffectsImpl (chunk-373CG7ZK.js?v=f5cf3204:19501:13)
    at flushPassiveEffects (chunk-373CG7ZK.js?v=f5cf3204:19445:22)
    at commitRootImpl (chunk-373CG7ZK.js?v=f5cf3204:19414:13)
    at commitRoot (chunk-373CG7ZK.js?v=f5cf3204:19275:13)
    at performSyncWorkOnRoot (chunk-373CG7ZK.js?v=f5cf3204:18893:11)
(anonymous) @ ItemDetails.jsx:45
commitHookEffectListMount @ chunk-373CG7ZK.js?v=f5cf3204:16913
invokePassiveEffectMountInDEV @ chunk-373CG7ZK.js?v=f5cf3204:18322
invokeEffectsInDev @ chunk-373CG7ZK.js?v=f5cf3204:19699
commitDoubleInvokeEffectsInDEV @ chunk-373CG7ZK.js?v=f5cf3204:19684
flushPassiveEffectsImpl @ chunk-373CG7ZK.js?v=f5cf3204:19501
flushPassiveEffects @ chunk-373CG7ZK.js?v=f5cf3204:19445
commitRootImpl @ chunk-373CG7ZK.js?v=f5cf3204:19414
commitRoot @ chunk-373CG7ZK.js?v=f5cf3204:19275
performSyncWorkOnRoot @ chunk-373CG7ZK.js?v=f5cf3204:18893
flushSyncCallbacks @ chunk-373CG7ZK.js?v=f5cf3204:9117
(anonymous) @ chunk-373CG7ZK.js?v=f5cf3204:18625
Show 11 more frames
Show less
chunk-373CG7ZK.js?v=f5cf3204:14030 The above error occurred in the <ItemDetails> component:

    at ItemDetails (http://localhost:5173/src/components/ItemDetails.jsx?t=1760049100886:21:3)
    at div
    at div
    at App (http://localhost:5173/src/App.jsx?t=1760048771785:24:41)

Consider adding an error boundary to your tree to customize error handling behavior.
Visit https://reactjs.org/link/error-boundaries to learn more about error boundaries.
logCapturedError @ chunk-373CG7ZK.js?v=f5cf3204:14030
update.callback @ chunk-373CG7ZK.js?v=f5cf3204:14050
callCallback @ chunk-373CG7ZK.js?v=f5cf3204:11246
commitUpdateQueue @ chunk-373CG7ZK.js?v=f5cf3204:11263
commitLayoutEffectOnFiber @ chunk-373CG7ZK.js?v=f5cf3204:17091
commitLayoutMountEffects_complete @ chunk-373CG7ZK.js?v=f5cf3204:17978
commitLayoutEffects_begin @ chunk-373CG7ZK.js?v=f5cf3204:17967
commitLayoutEffects @ chunk-373CG7ZK.js?v=f5cf3204:17918
commitRootImpl @ chunk-373CG7ZK.js?v=f5cf3204:19351
commitRoot @ chunk-373CG7ZK.js?v=f5cf3204:19275
performSyncWorkOnRoot @ chunk-373CG7ZK.js?v=f5cf3204:18893
flushSyncCallbacks @ chunk-373CG7ZK.js?v=f5cf3204:9117
(anonymous) @ chunk-373CG7ZK.js?v=f5cf3204:18625
Show 13 more frames
Show less
chunk-373CG7ZK.js?v=f5cf3204:14030 The above error occurred in the <ItemDetails> component:

    at ItemDetails (http://localhost:5173/src/components/ItemDetails.jsx?t=1760049100886:21:3)
    at div
    at div
    at App (http://localhost:5173/src/App.jsx?t=1760048771785:24:41)

Consider adding an error boundary to your tree to customize error handling behavior.
Visit https://reactjs.org/link/error-boundaries to learn more about error boundaries.
logCapturedError @ chunk-373CG7ZK.js?v=f5cf3204:14030
update.callback @ chunk-373CG7ZK.js?v=f5cf3204:14050
callCallback @ chunk-373CG7ZK.js?v=f5cf3204:11246
commitUpdateQueue @ chunk-373CG7ZK.js?v=f5cf3204:11263
commitLayoutEffectOnFiber @ chunk-373CG7ZK.js?v=f5cf3204:17091
commitLayoutMountEffects_complete @ chunk-373CG7ZK.js?v=f5cf3204:17978
commitLayoutEffects_begin @ chunk-373CG7ZK.js?v=f5cf3204:17967
commitLayoutEffects @ chunk-373CG7ZK.js?v=f5cf3204:17918
commitRootImpl @ chunk-373CG7ZK.js?v=f5cf3204:19351
commitRoot @ chunk-373CG7ZK.js?v=f5cf3204:19275
performSyncWorkOnRoot @ chunk-373CG7ZK.js?v=f5cf3204:18893
flushSyncCallbacks @ chunk-373CG7ZK.js?v=f5cf3204:9117
(anonymous) @ chunk-373CG7ZK.js?v=f5cf3204:18625
Show 13 more frames
Show less
chunk-373CG7ZK.js?v=f5cf3204:9127 Uncaught ReferenceError: setVideoUrl is not defined
    at ItemDetails.jsx:45:7
    at commitHookEffectListMount (chunk-373CG7ZK.js?v=f5cf3204:16913:34)
    at commitPassiveMountOnFiber (chunk-373CG7ZK.js?v=f5cf3204:18154:19)
    at commitPassiveMountEffects_complete (chunk-373CG7ZK.js?v=f5cf3204:18127:17)
    at commitPassiveMountEffects_begin (chunk-373CG7ZK.js?v=f5cf3204:18117:15)
    at commitPassiveMountEffects (chunk-373CG7ZK.js?v=f5cf3204:18107:11)
    at flushPassiveEffectsImpl (chunk-373CG7ZK.js?v=f5cf3204:19488:11)
    at flushPassiveEffects (chunk-373CG7ZK.js?v=f5cf3204:19445:22)
    at commitRootImpl (chunk-373CG7ZK.js?v=f5cf3204:19414:13)
    at commitRoot (chunk-373CG7ZK.js?v=f5cf3204:19275:13)
(anonymous) @ ItemDetails.jsx:45
commitHookEffectListMount @ chunk-373CG7ZK.js?v=f5cf3204:16913
commitPassiveMountOnFiber @ chunk-373CG7ZK.js?v=f5cf3204:18154
commitPassiveMountEffects_complete @ chunk-373CG7ZK.js?v=f5cf3204:18127
commitPassiveMountEffects_begin @ chunk-373CG7ZK.js?v=f5cf3204:18117
commitPassiveMountEffects @ chunk-373CG7ZK.js?v=f5cf3204:18107
flushPassiveEffectsImpl @ chunk-373CG7ZK.js?v=f5cf3204:19488
flushPassiveEffects @ chunk-373CG7ZK.js?v=f5cf3204:19445
commitRootImpl @ chunk-373CG7ZK.js?v=f5cf3204:19414
commitRoot @ chunk-373CG7ZK.js?v=f5cf3204:19275
performSyncWorkOnRoot @ chunk-373CG7ZK.js?v=f5cf3204:18893
flushSyncCallbacks @ chunk-373CG7ZK.js?v=f5cf3204:9117
(anonymous) @ chunk-373CG7ZK.js?v=f5cf3204:18625
Show 12 more frames
Show less
